

Started GET "/games" for 127.0.0.1 at 2014-01-09 09:04:49 -0500
Processing by GamesController#index as HTML
Completed 500 Internal Server Error in 1ms

ActiveRecord::StatementInvalid (Could not find table 'games'):
  app/controllers/games_controller.rb:4:in `index'


  Rendered /Users/keithwilliamsjr/.rvm/gems/ruby-2.0.0-p247@ruby2.0/gems/actionpack-3.2.0/lib/action_dispatch/middleware/templates/rescues/_trace.erb (4.6ms)
  Rendered /Users/keithwilliamsjr/.rvm/gems/ruby-2.0.0-p247@ruby2.0/gems/actionpack-3.2.0/lib/action_dispatch/middleware/templates/rescues/_request_and_response.erb (1.1ms)
  Rendered /Users/keithwilliamsjr/.rvm/gems/ruby-2.0.0-p247@ruby2.0/gems/actionpack-3.2.0/lib/action_dispatch/middleware/templates/rescues/diagnostics.erb within rescues/layout (11.2ms)
  [1m[36m (0.5ms)[0m  [1mselect sqlite_version(*)[0m
  [1m[35m (1.7ms)[0m  CREATE TABLE "schema_migrations" ("version" varchar(255) NOT NULL) 
  [1m[36m (0.1ms)[0m  [1mPRAGMA index_list("schema_migrations")[0m
  [1m[35m (1.7ms)[0m  CREATE UNIQUE INDEX "unique_schema_migrations" ON "schema_migrations" ("version")
  [1m[36m (0.1ms)[0m  [1mSELECT "schema_migrations"."version" FROM "schema_migrations" [0m
Migrating to CreateGames (20140109134655)
  [1m[35m (0.0ms)[0m  begin transaction
  [1m[36m (0.7ms)[0m  [1mCREATE TABLE "games" ("id" INTEGER PRIMARY KEY AUTOINCREMENT NOT NULL, "name" varchar(255), "created_at" datetime NOT NULL, "updated_at" datetime NOT NULL) [0m
  [1m[35m (0.2ms)[0m  INSERT INTO "schema_migrations" ("version") VALUES ('20140109134655')
  [1m[36m (1.3ms)[0m  [1mcommit transaction[0m
  [1m[35m (0.2ms)[0m  select sqlite_version(*)
  [1m[36m (0.1ms)[0m  [1mSELECT "schema_migrations"."version" FROM "schema_migrations" [0m
  [1m[35m (0.0ms)[0m  PRAGMA index_list("games")


Started GET "/games" for 127.0.0.1 at 2014-01-09 09:05:50 -0500
Processing by GamesController#index as HTML
  [1m[36mGame Load (0.1ms)[0m  [1mSELECT "games".* FROM "games" [0m
  Rendered games/index.html.erb within layouts/application (3.1ms)
Compiled application.css  (1ms)  (pid 11102)
Compiled application.js  (0ms)  (pid 11102)
Completed 200 OK in 46ms (Views: 44.7ms | ActiveRecord: 0.1ms)


Started GET "/games/new" for 127.0.0.1 at 2014-01-09 09:05:54 -0500
Processing by GamesController#new as HTML
  Rendered games/_form.html.erb (34.0ms)
  Rendered games/new.html.erb within layouts/application (38.4ms)
Completed 200 OK in 50ms (Views: 44.0ms | ActiveRecord: 0.0ms)


Started GET "/games/new" for 127.0.0.1 at 2014-01-09 09:07:46 -0500
Processing by GamesController#new as HTML
  Rendered games/_form.html.erb (2.3ms)
  Rendered games/new.html.erb within layouts/application (3.9ms)
Completed 200 OK in 8ms (Views: 7.4ms | ActiveRecord: 0.0ms)


Started GET "/assets/application.css?body=1" for 127.0.0.1 at 2014-01-09 09:07:47 -0500
Served asset /application.css - 304 Not Modified (2ms)


Started GET "/assets/application.js?body=1" for 127.0.0.1 at 2014-01-09 09:07:47 -0500
Served asset /application.js - 304 Not Modified (2ms)


Started POST "/games" for 127.0.0.1 at 2014-01-09 09:08:45 -0500
Processing by GamesController#create as HTML
  Parameters: {"utf8"=>"✓", "authenticity_token"=>"bChRksoodXH/fWUjLRhVR1IyFBItAhcwajBsRnZpFFc=", "game"=>{"name"=>"BINGO!"}, "commit"=>"Create Game"}
  [1m[35m (0.1ms)[0m  begin transaction
  [1m[36mSQL (7.6ms)[0m  [1mINSERT INTO "games" ("created_at", "name", "updated_at") VALUES (?, ?, ?)[0m  [["created_at", Thu, 09 Jan 2014 14:08:46 UTC +00:00], ["name", nil], ["updated_at", Thu, 09 Jan 2014 14:08:46 UTC +00:00]]
  [1m[35m (0.9ms)[0m  commit transaction
Redirected to http://localhost:3000/games/1
Completed 302 Found in 15ms (ActiveRecord: 8.7ms)


Started GET "/games/1" for 127.0.0.1 at 2014-01-09 09:08:46 -0500
Processing by GamesController#show as HTML
  Parameters: {"id"=>"1"}
  [1m[36mGame Load (0.3ms)[0m  [1mSELECT "games".* FROM "games" WHERE "games"."id" = ? LIMIT 1[0m  [["id", "1"]]
  Rendered games/show.html.erb within layouts/application (1.4ms)
Completed 200 OK in 9ms (Views: 5.9ms | ActiveRecord: 0.3ms)


Started GET "/assets/application.css?body=1" for 127.0.0.1 at 2014-01-09 09:08:46 -0500
Served asset /application.css - 304 Not Modified (0ms)


Started GET "/assets/application.js?body=1" for 127.0.0.1 at 2014-01-09 09:08:46 -0500
Served asset /application.js - 304 Not Modified (0ms)


Started GET "/games" for 127.0.0.1 at 2014-01-09 09:09:05 -0500
Processing by GamesController#index as HTML
  [1m[35mGame Load (0.2ms)[0m  SELECT "games".* FROM "games" 
  Rendered games/index.html.erb within layouts/application (2.2ms)
Completed 200 OK in 9ms (Views: 6.8ms | ActiveRecord: 0.2ms)


Started GET "/assets/application.css?body=1" for 127.0.0.1 at 2014-01-09 09:09:05 -0500
Served asset /application.css - 304 Not Modified (0ms)


Started GET "/assets/application.js?body=1" for 127.0.0.1 at 2014-01-09 09:09:05 -0500
Served asset /application.js - 304 Not Modified (0ms)


Started GET "/games/new" for 127.0.0.1 at 2014-01-09 09:12:11 -0500
Processing by GamesController#new as HTML
  Rendered games/_form.html.erb (5.7ms)
  Rendered games/new.html.erb within layouts/application (7.5ms)
Completed 200 OK in 17ms (Views: 15.3ms | ActiveRecord: 0.0ms)


Started GET "/assets/application.css?body=1" for 127.0.0.1 at 2014-01-09 09:12:11 -0500
Served asset /application.css - 304 Not Modified (0ms)


Started GET "/assets/application.js?body=1" for 127.0.0.1 at 2014-01-09 09:12:11 -0500
Served asset /application.js - 304 Not Modified (0ms)


Started GET "/games" for 127.0.0.1 at 2014-01-09 09:12:14 -0500
Processing by GamesController#index as HTML
  [1m[36mGame Load (0.2ms)[0m  [1mSELECT "games".* FROM "games" [0m
  Rendered games/index.html.erb within layouts/application (4.9ms)
Completed 200 OK in 108ms (Views: 104.5ms | ActiveRecord: 0.2ms)


Started GET "/assets/application.css?body=1" for 127.0.0.1 at 2014-01-09 09:12:14 -0500
Served asset /application.css - 304 Not Modified (0ms)


Started GET "/assets/application.js?body=1" for 127.0.0.1 at 2014-01-09 09:12:14 -0500
Served asset /application.js - 304 Not Modified (0ms)


Started GET "/games/1" for 127.0.0.1 at 2014-01-09 09:13:01 -0500
Processing by GamesController#show as HTML
  Parameters: {"id"=>"1"}
  [1m[35mGame Load (0.2ms)[0m  SELECT "games".* FROM "games" WHERE "games"."id" = ? LIMIT 1  [["id", "1"]]
  Rendered games/show.html.erb within layouts/application (1.0ms)
Completed 200 OK in 7ms (Views: 4.4ms | ActiveRecord: 0.2ms)


Started GET "/assets/application.css?body=1" for 127.0.0.1 at 2014-01-09 09:13:01 -0500
Served asset /application.css - 304 Not Modified (0ms)


Started GET "/assets/application.js?body=1" for 127.0.0.1 at 2014-01-09 09:13:01 -0500
Served asset /application.js - 304 Not Modified (0ms)


Started GET "/games/new" for 127.0.0.1 at 2014-01-09 09:13:09 -0500
Processing by GamesController#new as HTML
  Rendered games/_form.html.erb (2.6ms)
  Rendered games/new.html.erb within layouts/application (4.0ms)
Completed 200 OK in 9ms (Views: 8.1ms | ActiveRecord: 0.0ms)


Started GET "/assets/application.css?body=1" for 127.0.0.1 at 2014-01-09 09:13:09 -0500
Served asset /application.css - 304 Not Modified (0ms)


Started GET "/assets/application.js?body=1" for 127.0.0.1 at 2014-01-09 09:13:09 -0500
Served asset /application.js - 304 Not Modified (0ms)


Started GET "/games/new" for 127.0.0.1 at 2014-01-09 09:18:27 -0500
Processing by GamesController#new as HTML
  Rendered games/_form.html.erb (11.0ms)
  Rendered games/new.html.erb within layouts/application (17.2ms)
Completed 200 OK in 42ms (Views: 36.4ms | ActiveRecord: 0.0ms)


Started GET "/assets/application.css?body=1" for 127.0.0.1 at 2014-01-09 09:18:28 -0500
Served asset /application.css - 304 Not Modified (1ms)


Started GET "/assets/application.js?body=1" for 127.0.0.1 at 2014-01-09 09:18:28 -0500
Served asset /application.js - 304 Not Modified (1ms)


Started POST "/games" for 127.0.0.1 at 2014-01-09 09:18:35 -0500
Processing by GamesController#create as HTML
  Parameters: {"utf8"=>"✓", "authenticity_token"=>"bChRksoodXH/fWUjLRhVR1IyFBItAhcwajBsRnZpFFc=", "game"=>{"name"=>"Yummy rummy"}, "commit"=>"Create Game"}
  [1m[36m (0.1ms)[0m  [1mbegin transaction[0m
  [1m[35mSQL (7.6ms)[0m  INSERT INTO "games" ("created_at", "name", "updated_at") VALUES (?, ?, ?)  [["created_at", Thu, 09 Jan 2014 14:21:50 UTC +00:00], ["name", nil], ["updated_at", Thu, 09 Jan 2014 14:21:50 UTC +00:00]]
  [1m[36m (1.1ms)[0m  [1mcommit transaction[0m
Redirected to http://localhost:3000/games/2
Completed 302 Found in 195599ms (ActiveRecord: 8.8ms)


Started GET "/games/2" for 127.0.0.1 at 2014-01-09 09:21:50 -0500
Processing by GamesController#show as HTML
  Parameters: {"id"=>"2"}
  [1m[35mGame Load (0.3ms)[0m  SELECT "games".* FROM "games" WHERE "games"."id" = ? LIMIT 1  [["id", "2"]]
  Rendered games/show.html.erb within layouts/application (2.2ms)
Completed 200 OK in 12ms (Views: 7.7ms | ActiveRecord: 0.3ms)


Started GET "/assets/application.css?body=1" for 127.0.0.1 at 2014-01-09 09:21:51 -0500
Served asset /application.css - 304 Not Modified (0ms)


Started GET "/assets/application.js?body=1" for 127.0.0.1 at 2014-01-09 09:21:51 -0500
Served asset /application.js - 304 Not Modified (0ms)


Started GET "/games" for 127.0.0.1 at 2014-01-09 09:31:48 -0500
Processing by GamesController#index as HTML
  [1m[36mGame Load (0.2ms)[0m  [1mSELECT "games".* FROM "games" [0m
  Rendered games/index.html.erb within layouts/application (4.9ms)
Completed 200 OK in 31ms (Views: 23.3ms | ActiveRecord: 0.2ms)


Started GET "/assets/application.css?body=1" for 127.0.0.1 at 2014-01-09 09:31:49 -0500
Served asset /application.css - 304 Not Modified (2ms)


Started GET "/assets/application.js?body=1" for 127.0.0.1 at 2014-01-09 09:31:49 -0500
Served asset /application.js - 304 Not Modified (1ms)


Started GET "/games/new" for 127.0.0.1 at 2014-01-09 09:32:50 -0500
Processing by GamesController#new as HTML
  Rendered games/_form.html.erb (10.2ms)
  Rendered games/new.html.erb within layouts/application (53.5ms)
Completed 200 OK in 59ms (Views: 57.8ms | ActiveRecord: 0.0ms)


Started GET "/assets/application.css?body=1" for 127.0.0.1 at 2014-01-09 09:32:50 -0500
Served asset /application.css - 304 Not Modified (0ms)


Started GET "/assets/application.js?body=1" for 127.0.0.1 at 2014-01-09 09:32:50 -0500
Served asset /application.js - 304 Not Modified (0ms)


Started POST "/games" for 127.0.0.1 at 2014-01-09 09:32:58 -0500
Processing by GamesController#create as HTML
  Parameters: {"utf8"=>"✓", "authenticity_token"=>"bChRksoodXH/fWUjLRhVR1IyFBItAhcwajBsRnZpFFc=", "game"=>{"name"=>"Cat man!"}, "commit"=>"Create Game"}


Started GET "/games" for 127.0.0.1 at 2014-01-09 09:35:11 -0500
Processing by GamesController#index as HTML
  [1m[36mGame Load (0.2ms)[0m  [1mSELECT "games".* FROM "games" [0m
  Rendered games/index.html.erb within layouts/application (7.5ms)
Completed 200 OK in 33ms (Views: 26.5ms | ActiveRecord: 0.2ms)


Started GET "/assets/application.css?body=1" for 127.0.0.1 at 2014-01-09 09:35:12 -0500
Served asset /application.css - 304 Not Modified (2ms)


Started GET "/assets/application.js?body=1" for 127.0.0.1 at 2014-01-09 09:35:12 -0500
Served asset /application.js - 304 Not Modified (1ms)


Started GET "/games/new" for 127.0.0.1 at 2014-01-09 09:35:16 -0500
Processing by GamesController#new as HTML
  Rendered games/_form.html.erb (52.5ms)
  Rendered games/new.html.erb within layouts/application (57.9ms)
Completed 200 OK in 70ms (Views: 69.3ms | ActiveRecord: 0.0ms)


Started GET "/assets/application.css?body=1" for 127.0.0.1 at 2014-01-09 09:35:16 -0500
Served asset /application.css - 304 Not Modified (0ms)


Started GET "/assets/application.js?body=1" for 127.0.0.1 at 2014-01-09 09:35:16 -0500
Served asset /application.js - 304 Not Modified (0ms)


Started POST "/games" for 127.0.0.1 at 2014-01-09 09:35:28 -0500
Processing by GamesController#create as HTML
  Parameters: {"utf8"=>"✓", "authenticity_token"=>"bChRksoodXH/fWUjLRhVR1IyFBItAhcwajBsRnZpFFc=", "game"=>{"name"=>"Play Doh!"}, "commit"=>"Create Game"}
  [1m[35m (0.1ms)[0m  begin transaction
  [1m[36mSQL (7.1ms)[0m  [1mINSERT INTO "games" ("created_at", "name", "updated_at") VALUES (?, ?, ?)[0m  [["created_at", Thu, 09 Jan 2014 14:35:28 UTC +00:00], ["name", "Play Doh!"], ["updated_at", Thu, 09 Jan 2014 14:35:28 UTC +00:00]]
  [1m[35m (1.0ms)[0m  commit transaction
Redirected to http://localhost:3000/games/3
Completed 302 Found in 13ms (ActiveRecord: 8.1ms)


Started GET "/games/3" for 127.0.0.1 at 2014-01-09 09:35:28 -0500
Processing by GamesController#show as HTML
  Parameters: {"id"=>"3"}
  [1m[36mGame Load (0.3ms)[0m  [1mSELECT "games".* FROM "games" WHERE "games"."id" = ? LIMIT 1[0m  [["id", "3"]]
  Rendered games/show.html.erb within layouts/application (1.5ms)
Completed 200 OK in 8ms (Views: 5.5ms | ActiveRecord: 0.3ms)


Started GET "/assets/application.css?body=1" for 127.0.0.1 at 2014-01-09 09:35:29 -0500
Served asset /application.css - 304 Not Modified (0ms)


Started GET "/assets/application.js?body=1" for 127.0.0.1 at 2014-01-09 09:35:29 -0500
Served asset /application.js - 304 Not Modified (0ms)


Started GET "/games" for 127.0.0.1 at 2014-01-09 09:37:47 -0500
Processing by GamesController#index as HTML
  [1m[35mGame Load (0.2ms)[0m  SELECT "games".* FROM "games" 
  Rendered games/index.html.erb within layouts/application (2.7ms)
Completed 200 OK in 8ms (Views: 6.4ms | ActiveRecord: 0.2ms)


Started GET "/assets/application.css?body=1" for 127.0.0.1 at 2014-01-09 09:37:47 -0500
Served asset /application.css - 304 Not Modified (0ms)


Started GET "/assets/application.js?body=1" for 127.0.0.1 at 2014-01-09 09:37:47 -0500
Served asset /application.js - 304 Not Modified (0ms)


Started GET "/games/3" for 127.0.0.1 at 2014-01-09 09:37:54 -0500
Processing by GamesController#show as HTML
  Parameters: {"id"=>"3"}
  [1m[36mGame Load (0.2ms)[0m  [1mSELECT "games".* FROM "games" WHERE "games"."id" = ? LIMIT 1[0m  [["id", "3"]]
  Rendered games/show.html.erb within layouts/application (1.2ms)
Completed 200 OK in 15ms (Views: 12.6ms | ActiveRecord: 0.2ms)


Started GET "/assets/application.css?body=1" for 127.0.0.1 at 2014-01-09 09:37:54 -0500
Served asset /application.css - 304 Not Modified (0ms)


Started GET "/assets/application.js?body=1" for 127.0.0.1 at 2014-01-09 09:37:54 -0500
Served asset /application.js - 304 Not Modified (0ms)


Started GET "/games" for 127.0.0.1 at 2014-01-09 09:37:57 -0500
Processing by GamesController#index as HTML
  [1m[35mGame Load (0.3ms)[0m  SELECT "games".* FROM "games" 
  Rendered games/index.html.erb within layouts/application (3.4ms)
Completed 200 OK in 13ms (Views: 8.1ms | ActiveRecord: 0.3ms)


Started GET "/assets/application.css?body=1" for 127.0.0.1 at 2014-01-09 09:37:57 -0500
Served asset /application.css - 304 Not Modified (0ms)


Started GET "/assets/application.js?body=1" for 127.0.0.1 at 2014-01-09 09:37:57 -0500
Served asset /application.js - 304 Not Modified (0ms)


Started GET "/games" for 127.0.0.1 at 2014-01-09 09:44:48 -0500
Processing by GamesController#index as HTML
  [1m[36mGame Load (0.2ms)[0m  [1mSELECT "games".* FROM "games" [0m
  Rendered games/index.html.erb within layouts/application (36.8ms)
Completed 200 OK in 60ms (Views: 54.4ms | ActiveRecord: 0.2ms)


Started GET "/assets/application.css?body=1" for 127.0.0.1 at 2014-01-09 09:44:49 -0500
Served asset /application.css - 304 Not Modified (2ms)


Started GET "/assets/application.js?body=1" for 127.0.0.1 at 2014-01-09 09:44:49 -0500
Served asset /application.js - 304 Not Modified (1ms)


Started GET "/games/1" for 127.0.0.1 at 2014-01-09 09:44:51 -0500
Processing by GamesController#show as HTML
  Parameters: {"id"=>"1"}
  [1m[35mGame Load (0.3ms)[0m  SELECT "games".* FROM "games" WHERE "games"."id" = ? LIMIT 1  [["id", "1"]]
  Rendered games/show.html.erb within layouts/application (1.2ms)
Completed 200 OK in 8ms (Views: 4.8ms | ActiveRecord: 0.3ms)


Started GET "/assets/application.css?body=1" for 127.0.0.1 at 2014-01-09 09:44:52 -0500
Served asset /application.css - 304 Not Modified (0ms)


Started GET "/assets/application.js?body=1" for 127.0.0.1 at 2014-01-09 09:44:52 -0500
Served asset /application.js - 304 Not Modified (0ms)


Started GET "/games" for 127.0.0.1 at 2014-01-09 09:44:54 -0500
Processing by GamesController#index as HTML
  [1m[36mGame Load (0.2ms)[0m  [1mSELECT "games".* FROM "games" [0m
  Rendered games/index.html.erb within layouts/application (2.2ms)
Completed 200 OK in 7ms (Views: 5.3ms | ActiveRecord: 0.2ms)


Started GET "/assets/application.css?body=1" for 127.0.0.1 at 2014-01-09 09:44:54 -0500
Served asset /application.css - 304 Not Modified (0ms)


Started GET "/assets/application.js?body=1" for 127.0.0.1 at 2014-01-09 09:44:54 -0500
Served asset /application.js - 304 Not Modified (0ms)


Started GET "/games" for 127.0.0.1 at 2014-01-09 10:12:01 -0500
Processing by GamesController#index as HTML
  [1m[36mGame Load (0.5ms)[0m  [1mSELECT "games".* FROM "games" [0m
  Rendered games/index.html.erb within layouts/application (5.2ms)
Completed 200 OK in 61ms (Views: 22.9ms | ActiveRecord: 0.5ms)


Started GET "/assets/application.css?body=1" for 127.0.0.1 at 2014-01-09 10:12:02 -0500
Served asset /application.css - 304 Not Modified (2ms)


Started GET "/assets/application.js?body=1" for 127.0.0.1 at 2014-01-09 10:12:02 -0500
Served asset /application.js - 304 Not Modified (2ms)


Started GET "/games/1" for 127.0.0.1 at 2014-01-09 10:12:04 -0500
Processing by GamesController#show as HTML
  Parameters: {"id"=>"1"}
  [1m[35mGame Load (0.4ms)[0m  SELECT "games".* FROM "games" WHERE "games"."id" = ? LIMIT 1  [["id", "1"]]
  Rendered games/show.html.erb within layouts/application (2.0ms)
Completed 200 OK in 11ms (Views: 7.0ms | ActiveRecord: 0.4ms)


Started GET "/assets/application.css?body=1" for 127.0.0.1 at 2014-01-09 10:12:04 -0500
Served asset /application.css - 304 Not Modified (0ms)


Started GET "/assets/application.js?body=1" for 127.0.0.1 at 2014-01-09 10:12:04 -0500
Served asset /application.js - 304 Not Modified (0ms)


Started GET "/games" for 127.0.0.1 at 2014-01-09 10:12:07 -0500
Processing by GamesController#index as HTML
  [1m[36mGame Load (0.2ms)[0m  [1mSELECT "games".* FROM "games" [0m
  Rendered games/index.html.erb within layouts/application (3.7ms)
Completed 200 OK in 11ms (Views: 8.7ms | ActiveRecord: 0.2ms)


Started GET "/assets/application.css?body=1" for 127.0.0.1 at 2014-01-09 10:12:07 -0500
Served asset /application.css - 304 Not Modified (0ms)


Started GET "/assets/application.js?body=1" for 127.0.0.1 at 2014-01-09 10:12:07 -0500
Served asset /application.js - 304 Not Modified (0ms)


Started GET "/games" for 127.0.0.1 at 2014-01-09 10:14:45 -0500
Processing by GamesController#index as HTML
  [1m[35mGame Load (0.9ms)[0m  SELECT "games".* FROM "games" 
  Rendered games/index.html.erb within layouts/application (3.9ms)
Completed 200 OK in 10ms (Views: 7.4ms | ActiveRecord: 0.9ms)


Started GET "/assets/application.js?body=1" for 127.0.0.1 at 2014-01-09 10:14:46 -0500
Served asset /application.js - 304 Not Modified (0ms)


Started GET "/assets/application.css?body=1" for 127.0.0.1 at 2014-01-09 10:14:46 -0500
Served asset /application.css - 304 Not Modified (0ms)


Started DELETE "/games/1" for 127.0.0.1 at 2014-01-09 10:14:48 -0500
Processing by GamesController#destroy as HTML
  Parameters: {"authenticity_token"=>"bChRksoodXH/fWUjLRhVR1IyFBItAhcwajBsRnZpFFc=", "id"=>"1"}
  [1m[36mGame Load (0.1ms)[0m  [1mSELECT "games".* FROM "games" WHERE "games"."id" = ? LIMIT 1[0m  [["id", "1"]]
  [1m[35m (0.1ms)[0m  begin transaction
  [1m[36mSQL (9.3ms)[0m  [1mDELETE FROM "games" WHERE "games"."id" = ?[0m  [["id", 1]]
  [1m[35m (0.7ms)[0m  commit transaction
Completed 500 Internal Server Error in 17ms

ActionView::MissingTemplate (Missing template games/destroy, application/destroy with {:locale=>[:en], :formats=>[:html], :handlers=>[:erb, :builder, :coffee]}. Searched in:
  * "/Users/keithwilliamsjr/Documents/Projects/Flatiron/Projects/todos/todo32/app/views"
):
  actionpack (3.2.0) lib/action_view/path_set.rb:58:in `find'
  actionpack (3.2.0) lib/action_view/lookup_context.rb:109:in `find'
  actionpack (3.2.0) lib/action_view/renderer/abstract_renderer.rb:3:in `find_template'
  actionpack (3.2.0) lib/action_view/renderer/template_renderer.rb:28:in `determine_template'
  actionpack (3.2.0) lib/action_view/renderer/template_renderer.rb:10:in `render'
  actionpack (3.2.0) lib/action_view/renderer/renderer.rb:36:in `render_template'
  actionpack (3.2.0) lib/action_view/renderer/renderer.rb:17:in `render'
  actionpack (3.2.0) lib/abstract_controller/rendering.rb:109:in `_render_template'
  actionpack (3.2.0) lib/action_controller/metal/streaming.rb:225:in `_render_template'
  actionpack (3.2.0) lib/abstract_controller/rendering.rb:103:in `render_to_body'
  actionpack (3.2.0) lib/action_controller/metal/renderers.rb:28:in `render_to_body'
  actionpack (3.2.0) lib/action_controller/metal/compatibility.rb:50:in `render_to_body'
  actionpack (3.2.0) lib/abstract_controller/rendering.rb:88:in `render'
  actionpack (3.2.0) lib/action_controller/metal/rendering.rb:16:in `render'
  actionpack (3.2.0) lib/action_controller/metal/instrumentation.rb:40:in `block (2 levels) in render'
  activesupport (3.2.0) lib/active_support/core_ext/benchmark.rb:5:in `block in ms'
  /Users/keithwilliamsjr/.rvm/rubies/ruby-2.0.0-p247/lib/ruby/2.0.0/benchmark.rb:296:in `realtime'
  activesupport (3.2.0) lib/active_support/core_ext/benchmark.rb:5:in `ms'
  actionpack (3.2.0) lib/action_controller/metal/instrumentation.rb:40:in `block in render'
  actionpack (3.2.0) lib/action_controller/metal/instrumentation.rb:83:in `cleanup_view_runtime'
  activerecord (3.2.0) lib/active_record/railties/controller_runtime.rb:24:in `cleanup_view_runtime'
  actionpack (3.2.0) lib/action_controller/metal/instrumentation.rb:39:in `render'
  actionpack (3.2.0) lib/action_controller/metal/implicit_render.rb:10:in `default_render'
  actionpack (3.2.0) lib/action_controller/metal/implicit_render.rb:5:in `send_action'
  actionpack (3.2.0) lib/abstract_controller/base.rb:167:in `process_action'
  actionpack (3.2.0) lib/action_controller/metal/rendering.rb:10:in `process_action'
  actionpack (3.2.0) lib/abstract_controller/callbacks.rb:18:in `block in process_action'
  activesupport (3.2.0) lib/active_support/callbacks.rb:414:in `_run__3070677697758369673__process_action__684801058381618045__callbacks'
  activesupport (3.2.0) lib/active_support/callbacks.rb:405:in `__run_callback'
  activesupport (3.2.0) lib/active_support/callbacks.rb:385:in `_run_process_action_callbacks'
  activesupport (3.2.0) lib/active_support/callbacks.rb:81:in `run_callbacks'
  actionpack (3.2.0) lib/abstract_controller/callbacks.rb:17:in `process_action'
  actionpack (3.2.0) lib/action_controller/metal/rescue.rb:29:in `process_action'
  actionpack (3.2.0) lib/action_controller/metal/instrumentation.rb:30:in `block in process_action'
  activesupport (3.2.0) lib/active_support/notifications.rb:123:in `block in instrument'
  activesupport (3.2.0) lib/active_support/notifications/instrumenter.rb:20:in `instrument'
  activesupport (3.2.0) lib/active_support/notifications.rb:123:in `instrument'
  actionpack (3.2.0) lib/action_controller/metal/instrumentation.rb:29:in `process_action'
  actionpack (3.2.0) lib/action_controller/metal/params_wrapper.rb:205:in `process_action'
  activerecord (3.2.0) lib/active_record/railties/controller_runtime.rb:18:in `process_action'
  actionpack (3.2.0) lib/abstract_controller/base.rb:121:in `process'
  actionpack (3.2.0) lib/abstract_controller/rendering.rb:45:in `process'
  actionpack (3.2.0) lib/action_controller/metal.rb:203:in `dispatch'
  actionpack (3.2.0) lib/action_controller/metal/rack_delegation.rb:14:in `dispatch'
  actionpack (3.2.0) lib/action_controller/metal.rb:246:in `block in action'
  actionpack (3.2.0) lib/action_dispatch/routing/route_set.rb:66:in `call'
  actionpack (3.2.0) lib/action_dispatch/routing/route_set.rb:66:in `dispatch'
  actionpack (3.2.0) lib/action_dispatch/routing/route_set.rb:30:in `call'
  journey (1.0.4) lib/journey/router.rb:68:in `block in call'
  journey (1.0.4) lib/journey/router.rb:56:in `each'
  journey (1.0.4) lib/journey/router.rb:56:in `call'
  actionpack (3.2.0) lib/action_dispatch/routing/route_set.rb:570:in `call'
  actionpack (3.2.0) lib/action_dispatch/middleware/best_standards_support.rb:17:in `call'
  rack (1.4.5) lib/rack/etag.rb:23:in `call'
  rack (1.4.5) lib/rack/conditionalget.rb:35:in `call'
  actionpack (3.2.0) lib/action_dispatch/middleware/head.rb:14:in `call'
  actionpack (3.2.0) lib/action_dispatch/middleware/params_parser.rb:21:in `call'
  actionpack (3.2.0) lib/action_dispatch/middleware/flash.rb:242:in `call'
  rack (1.4.5) lib/rack/session/abstract/id.rb:210:in `context'
  rack (1.4.5) lib/rack/session/abstract/id.rb:205:in `call'
  actionpack (3.2.0) lib/action_dispatch/middleware/cookies.rb:338:in `call'
  activerecord (3.2.0) lib/active_record/query_cache.rb:64:in `call'
  activerecord (3.2.0) lib/active_record/connection_adapters/abstract/connection_pool.rb:443:in `call'
  actionpack (3.2.0) lib/action_dispatch/middleware/callbacks.rb:28:in `block in call'
  activesupport (3.2.0) lib/active_support/callbacks.rb:405:in `_run__3183850427880579042__call__754296945579768929__callbacks'
  activesupport (3.2.0) lib/active_support/callbacks.rb:405:in `__run_callback'
  activesupport (3.2.0) lib/active_support/callbacks.rb:385:in `_run_call_callbacks'
  activesupport (3.2.0) lib/active_support/callbacks.rb:81:in `run_callbacks'
  actionpack (3.2.0) lib/action_dispatch/middleware/callbacks.rb:27:in `call'
  actionpack (3.2.0) lib/action_dispatch/middleware/reloader.rb:65:in `call'
  actionpack (3.2.0) lib/action_dispatch/middleware/remote_ip.rb:31:in `call'
  actionpack (3.2.0) lib/action_dispatch/middleware/debug_exceptions.rb:16:in `call'
  actionpack (3.2.0) lib/action_dispatch/middleware/show_exceptions.rb:56:in `call'
  railties (3.2.0) lib/rails/rack/logger.rb:26:in `call_app'
  railties (3.2.0) lib/rails/rack/logger.rb:16:in `call'
  actionpack (3.2.0) lib/action_dispatch/middleware/request_id.rb:22:in `call'
  rack (1.4.5) lib/rack/methodoverride.rb:21:in `call'
  rack (1.4.5) lib/rack/runtime.rb:17:in `call'
  activesupport (3.2.0) lib/active_support/cache/strategy/local_cache.rb:72:in `call'
  rack (1.4.5) lib/rack/lock.rb:15:in `call'
  actionpack (3.2.0) lib/action_dispatch/middleware/static.rb:53:in `call'
  railties (3.2.0) lib/rails/engine.rb:479:in `call'
  railties (3.2.0) lib/rails/application.rb:220:in `call'
  rack (1.4.5) lib/rack/content_length.rb:14:in `call'
  railties (3.2.0) lib/rails/rack/log_tailer.rb:14:in `call'
  rack (1.4.5) lib/rack/handler/webrick.rb:59:in `service'
  /Users/keithwilliamsjr/.rvm/rubies/ruby-2.0.0-p247/lib/ruby/2.0.0/webrick/httpserver.rb:138:in `service'
  /Users/keithwilliamsjr/.rvm/rubies/ruby-2.0.0-p247/lib/ruby/2.0.0/webrick/httpserver.rb:94:in `run'
  /Users/keithwilliamsjr/.rvm/rubies/ruby-2.0.0-p247/lib/ruby/2.0.0/webrick/server.rb:295:in `block in start_thread'


  Rendered /Users/keithwilliamsjr/.rvm/gems/ruby-2.0.0-p247@ruby2.0/gems/actionpack-3.2.0/lib/action_dispatch/middleware/templates/rescues/missing_template.erb within rescues/layout (0.6ms)


Started GET "/games" for 127.0.0.1 at 2014-01-09 10:15:16 -0500
Processing by GamesController#index as HTML
  [1m[36mGame Load (0.2ms)[0m  [1mSELECT "games".* FROM "games" [0m
  Rendered games/index.html.erb within layouts/application (2.9ms)
Completed 200 OK in 13ms (Views: 7.0ms | ActiveRecord: 0.2ms)


Started GET "/assets/application.js?body=1" for 127.0.0.1 at 2014-01-09 10:15:17 -0500
Served asset /application.js - 304 Not Modified (0ms)


Started GET "/assets/application.css?body=1" for 127.0.0.1 at 2014-01-09 10:15:17 -0500
Served asset /application.css - 304 Not Modified (0ms)


Started DELETE "/games/2" for 127.0.0.1 at 2014-01-09 10:15:18 -0500
Processing by GamesController#destroy as HTML
  Parameters: {"authenticity_token"=>"bChRksoodXH/fWUjLRhVR1IyFBItAhcwajBsRnZpFFc=", "id"=>"2"}
  [1m[35mGame Load (0.2ms)[0m  SELECT "games".* FROM "games" WHERE "games"."id" = ? LIMIT 1  [["id", "2"]]
  [1m[36m (0.1ms)[0m  [1mbegin transaction[0m
  [1m[35mSQL (0.4ms)[0m  DELETE FROM "games" WHERE "games"."id" = ?  [["id", 2]]
  [1m[36m (0.9ms)[0m  [1mcommit transaction[0m
Redirected to http://localhost:3000index
Completed 302 Found in 5ms (ActiveRecord: 1.6ms)


Started DELETE "/games/2" for 127.0.0.1 at 2014-01-09 10:15:18 -0500
Processing by GamesController#destroy as HTML
  Parameters: {"authenticity_token"=>"bChRksoodXH/fWUjLRhVR1IyFBItAhcwajBsRnZpFFc=", "id"=>"2"}
  [1m[35mGame Load (0.2ms)[0m  SELECT "games".* FROM "games" WHERE "games"."id" = ? LIMIT 1  [["id", "2"]]
Completed 500 Internal Server Error in 2ms

ActiveRecord::RecordNotFound (Couldn't find Game with id=2):
  app/controllers/games_controller.rb:25:in `destroy'


  Rendered /Users/keithwilliamsjr/.rvm/gems/ruby-2.0.0-p247@ruby2.0/gems/actionpack-3.2.0/lib/action_dispatch/middleware/templates/rescues/_trace.erb (3.8ms)
  Rendered /Users/keithwilliamsjr/.rvm/gems/ruby-2.0.0-p247@ruby2.0/gems/actionpack-3.2.0/lib/action_dispatch/middleware/templates/rescues/_request_and_response.erb (1.4ms)
  Rendered /Users/keithwilliamsjr/.rvm/gems/ruby-2.0.0-p247@ruby2.0/gems/actionpack-3.2.0/lib/action_dispatch/middleware/templates/rescues/diagnostics.erb within rescues/layout (9.0ms)


Started GET "/games" for 127.0.0.1 at 2014-01-09 10:15:42 -0500
Processing by GamesController#index as HTML
  [1m[36mGame Load (0.3ms)[0m  [1mSELECT "games".* FROM "games" [0m
  Rendered games/index.html.erb within layouts/application (2.4ms)
Completed 200 OK in 11ms (Views: 6.6ms | ActiveRecord: 0.3ms)


Started GET "/assets/application.css?body=1" for 127.0.0.1 at 2014-01-09 10:15:42 -0500
Served asset /application.css - 304 Not Modified (0ms)


Started GET "/assets/application.js?body=1" for 127.0.0.1 at 2014-01-09 10:15:42 -0500
Served asset /application.js - 304 Not Modified (0ms)


Started GET "/games/new" for 127.0.0.1 at 2014-01-09 10:15:55 -0500
Processing by GamesController#new as HTML
  Rendered games/_form.html.erb (14.7ms)
  Rendered games/new.html.erb within layouts/application (22.8ms)
Completed 200 OK in 45ms (Views: 40.3ms | ActiveRecord: 0.0ms)


Started GET "/assets/application.css?body=1" for 127.0.0.1 at 2014-01-09 10:15:57 -0500
Served asset /application.css - 304 Not Modified (3ms)


Started GET "/assets/application.js?body=1" for 127.0.0.1 at 2014-01-09 10:15:57 -0500
Served asset /application.js - 304 Not Modified (1ms)


Started POST "/games" for 127.0.0.1 at 2014-01-09 10:16:01 -0500
Processing by GamesController#create as HTML
  Parameters: {"utf8"=>"✓", "authenticity_token"=>"bChRksoodXH/fWUjLRhVR1IyFBItAhcwajBsRnZpFFc=", "game"=>{"name"=>"BINGO!"}, "commit"=>"Create Game"}
  [1m[36m (0.1ms)[0m  [1mbegin transaction[0m
  [1m[35mSQL (47.7ms)[0m  INSERT INTO "games" ("created_at", "name", "updated_at") VALUES (?, ?, ?)  [["created_at", Thu, 09 Jan 2014 15:16:01 UTC +00:00], ["name", "BINGO!"], ["updated_at", Thu, 09 Jan 2014 15:16:01 UTC +00:00]]
  [1m[36m (1.2ms)[0m  [1mcommit transaction[0m
Redirected to http://localhost:3000/games/4
Completed 302 Found in 57ms (ActiveRecord: 49.1ms)


Started GET "/games/4" for 127.0.0.1 at 2014-01-09 10:16:01 -0500
Processing by GamesController#show as HTML
  Parameters: {"id"=>"4"}
  [1m[35mGame Load (0.3ms)[0m  SELECT "games".* FROM "games" WHERE "games"."id" = ? LIMIT 1  [["id", "4"]]
  Rendered games/show.html.erb within layouts/application (1.4ms)
Completed 200 OK in 9ms (Views: 5.5ms | ActiveRecord: 0.3ms)


Started GET "/assets/application.css?body=1" for 127.0.0.1 at 2014-01-09 10:16:02 -0500
Served asset /application.css - 304 Not Modified (0ms)


Started GET "/assets/application.js?body=1" for 127.0.0.1 at 2014-01-09 10:16:02 -0500
Served asset /application.js - 304 Not Modified (0ms)


Started GET "/games" for 127.0.0.1 at 2014-01-09 10:16:04 -0500
Processing by GamesController#index as HTML
  [1m[36mGame Load (0.2ms)[0m  [1mSELECT "games".* FROM "games" [0m
  Rendered games/index.html.erb within layouts/application (3.9ms)
Completed 200 OK in 18ms (Views: 15.8ms | ActiveRecord: 0.2ms)


Started GET "/assets/application.css?body=1" for 127.0.0.1 at 2014-01-09 10:16:04 -0500
Served asset /application.css - 304 Not Modified (0ms)


Started GET "/assets/application.js?body=1" for 127.0.0.1 at 2014-01-09 10:16:04 -0500
Served asset /application.js - 304 Not Modified (0ms)


Started DELETE "/games/4" for 127.0.0.1 at 2014-01-09 10:16:07 -0500
Processing by GamesController#destroy as HTML
  Parameters: {"authenticity_token"=>"bChRksoodXH/fWUjLRhVR1IyFBItAhcwajBsRnZpFFc=", "id"=>"4"}
  [1m[35mGame Load (0.2ms)[0m  SELECT "games".* FROM "games" WHERE "games"."id" = ? LIMIT 1  [["id", "4"]]
  [1m[36m (0.1ms)[0m  [1mbegin transaction[0m
  [1m[35mSQL (0.4ms)[0m  DELETE FROM "games" WHERE "games"."id" = ?  [["id", 4]]
  [1m[36m (1.0ms)[0m  [1mcommit transaction[0m
Redirected to http://localhost:3000index
Completed 302 Found in 5ms (ActiveRecord: 1.6ms)


Started DELETE "/games/4" for 127.0.0.1 at 2014-01-09 10:16:07 -0500
Processing by GamesController#destroy as HTML
  Parameters: {"authenticity_token"=>"bChRksoodXH/fWUjLRhVR1IyFBItAhcwajBsRnZpFFc=", "id"=>"4"}
  [1m[35mGame Load (0.1ms)[0m  SELECT "games".* FROM "games" WHERE "games"."id" = ? LIMIT 1  [["id", "4"]]
Completed 500 Internal Server Error in 1ms

ActiveRecord::RecordNotFound (Couldn't find Game with id=4):
  app/controllers/games_controller.rb:25:in `destroy'


  Rendered /Users/keithwilliamsjr/.rvm/gems/ruby-2.0.0-p247@ruby2.0/gems/actionpack-3.2.0/lib/action_dispatch/middleware/templates/rescues/_trace.erb (4.4ms)
  Rendered /Users/keithwilliamsjr/.rvm/gems/ruby-2.0.0-p247@ruby2.0/gems/actionpack-3.2.0/lib/action_dispatch/middleware/templates/rescues/_request_and_response.erb (1.8ms)
  Rendered /Users/keithwilliamsjr/.rvm/gems/ruby-2.0.0-p247@ruby2.0/gems/actionpack-3.2.0/lib/action_dispatch/middleware/templates/rescues/diagnostics.erb within rescues/layout (10.1ms)


Started GET "/games" for 127.0.0.1 at 2014-01-09 10:18:44 -0500
Processing by GamesController#index as HTML
  [1m[36mGame Load (0.3ms)[0m  [1mSELECT "games".* FROM "games" [0m
  Rendered games/index.html.erb within layouts/application (37.5ms)
Completed 200 OK in 63ms (Views: 56.9ms | ActiveRecord: 0.3ms)


Started GET "/assets/application.css?body=1" for 127.0.0.1 at 2014-01-09 10:18:45 -0500
Served asset /application.css - 304 Not Modified (1ms)


Started GET "/assets/application.js?body=1" for 127.0.0.1 at 2014-01-09 10:18:45 -0500
Served asset /application.js - 304 Not Modified (1ms)


Started GET "/games/new" for 127.0.0.1 at 2014-01-09 10:18:47 -0500
Processing by GamesController#new as HTML
  Rendered games/_form.html.erb (10.8ms)
  Rendered games/new.html.erb within layouts/application (16.4ms)
Completed 200 OK in 21ms (Views: 20.7ms | ActiveRecord: 0.0ms)


Started GET "/assets/application.css?body=1" for 127.0.0.1 at 2014-01-09 10:18:48 -0500
Served asset /application.css - 304 Not Modified (0ms)


Started GET "/assets/application.js?body=1" for 127.0.0.1 at 2014-01-09 10:18:48 -0500
Served asset /application.js - 304 Not Modified (0ms)


Started POST "/games" for 127.0.0.1 at 2014-01-09 10:18:51 -0500
Processing by GamesController#create as HTML
  Parameters: {"utf8"=>"✓", "authenticity_token"=>"bChRksoodXH/fWUjLRhVR1IyFBItAhcwajBsRnZpFFc=", "game"=>{"name"=>"BINGO!"}, "commit"=>"Create Game"}
  [1m[35m (0.1ms)[0m  begin transaction
  [1m[36mSQL (5.6ms)[0m  [1mINSERT INTO "games" ("created_at", "name", "updated_at") VALUES (?, ?, ?)[0m  [["created_at", Thu, 09 Jan 2014 15:18:51 UTC +00:00], ["name", "BINGO!"], ["updated_at", Thu, 09 Jan 2014 15:18:51 UTC +00:00]]
  [1m[35m (1.2ms)[0m  commit transaction
Redirected to http://localhost:3000/games/5
Completed 302 Found in 13ms (ActiveRecord: 6.9ms)


Started GET "/games/5" for 127.0.0.1 at 2014-01-09 10:18:51 -0500
Processing by GamesController#show as HTML
  Parameters: {"id"=>"5"}
  [1m[36mGame Load (0.3ms)[0m  [1mSELECT "games".* FROM "games" WHERE "games"."id" = ? LIMIT 1[0m  [["id", "5"]]
  Rendered games/show.html.erb within layouts/application (1.6ms)
Completed 200 OK in 9ms (Views: 6.3ms | ActiveRecord: 0.3ms)


Started GET "/assets/application.js?body=1" for 127.0.0.1 at 2014-01-09 10:18:51 -0500
Served asset /application.js - 304 Not Modified (0ms)


Started GET "/assets/application.css?body=1" for 127.0.0.1 at 2014-01-09 10:18:51 -0500
Served asset /application.css - 304 Not Modified (0ms)


Started GET "/games" for 127.0.0.1 at 2014-01-09 10:18:54 -0500
Processing by GamesController#index as HTML
  [1m[35mGame Load (0.2ms)[0m  SELECT "games".* FROM "games" 
  Rendered games/index.html.erb within layouts/application (2.4ms)
Completed 200 OK in 16ms (Views: 13.4ms | ActiveRecord: 0.2ms)


Started GET "/assets/application.css?body=1" for 127.0.0.1 at 2014-01-09 10:18:54 -0500
Served asset /application.css - 304 Not Modified (0ms)


Started GET "/assets/application.js?body=1" for 127.0.0.1 at 2014-01-09 10:18:54 -0500
Served asset /application.js - 304 Not Modified (0ms)


Started DELETE "/games/5" for 127.0.0.1 at 2014-01-09 10:18:56 -0500
Processing by GamesController#destroy as HTML
  Parameters: {"authenticity_token"=>"bChRksoodXH/fWUjLRhVR1IyFBItAhcwajBsRnZpFFc=", "id"=>"5"}
  [1m[36mGame Load (0.2ms)[0m  [1mSELECT "games".* FROM "games" WHERE "games"."id" = ? LIMIT 1[0m  [["id", "5"]]


Started GET "/games" for 127.0.0.1 at 2014-01-09 10:19:37 -0500
Processing by GamesController#index as HTML
  [1m[36mGame Load (0.2ms)[0m  [1mSELECT "games".* FROM "games" [0m
  Rendered games/index.html.erb within layouts/application (5.9ms)
Completed 200 OK in 61ms (Views: 56.6ms | ActiveRecord: 0.2ms)


Started GET "/assets/application.css?body=1" for 127.0.0.1 at 2014-01-09 10:19:38 -0500
Served asset /application.css - 304 Not Modified (1ms)


Started GET "/assets/application.js?body=1" for 127.0.0.1 at 2014-01-09 10:19:38 -0500
Served asset /application.js - 304 Not Modified (1ms)


Started DELETE "/games/5" for 127.0.0.1 at 2014-01-09 10:19:41 -0500
Processing by GamesController#destroy as HTML
  Parameters: {"authenticity_token"=>"bChRksoodXH/fWUjLRhVR1IyFBItAhcwajBsRnZpFFc=", "id"=>"5"}
  [1m[35mGame Load (0.2ms)[0m  SELECT "games".* FROM "games" WHERE "games"."id" = ? LIMIT 1  [["id", "5"]]
  [1m[36m (0.1ms)[0m  [1mbegin transaction[0m
  [1m[35mSQL (2.8ms)[0m  DELETE FROM "games" WHERE "games"."id" = ?  [["id", 5]]
  [1m[36m (1.1ms)[0m  [1mcommit transaction[0m
  Rendered games/index.html.erb within layouts/application (3.2ms)
Completed 500 Internal Server Error in 14ms

ActionView::Template::Error (undefined method `each' for nil:NilClass):
    8:     <th></th>
    9:   </tr>
    10: 
    11: <% @games.each do |game| %>
    12:   <tr>
    13:     <td><%= game.name %></td>
    14:     <td><%= link_to 'Show', game %></td>
  app/views/games/index.html.erb:11:in `_app_views_games_index_html_erb__430004890034668719_70130684881640'
  app/controllers/games_controller.rb:27:in `destroy'


  Rendered /Users/keithwilliamsjr/.rvm/gems/ruby-2.0.0-p247@ruby2.0/gems/actionpack-3.2.0/lib/action_dispatch/middleware/templates/rescues/_trace.erb (3.9ms)
  Rendered /Users/keithwilliamsjr/.rvm/gems/ruby-2.0.0-p247@ruby2.0/gems/actionpack-3.2.0/lib/action_dispatch/middleware/templates/rescues/_request_and_response.erb (1.7ms)
  Rendered /Users/keithwilliamsjr/.rvm/gems/ruby-2.0.0-p247@ruby2.0/gems/actionpack-3.2.0/lib/action_dispatch/middleware/templates/rescues/template_error.erb within rescues/layout (9.0ms)


Started GET "/games" for 127.0.0.1 at 2014-01-09 12:46:36 -0500
Processing by GamesController#index as HTML
  [1m[36mGame Load (0.7ms)[0m  [1mSELECT "games".* FROM "games" [0m
  Rendered games/index.html.erb within layouts/application (39.8ms)
Completed 200 OK in 70ms (Views: 62.3ms | ActiveRecord: 0.7ms)


Started GET "/assets/application.js?body=1" for 127.0.0.1 at 2014-01-09 12:46:37 -0500
Served asset /application.js - 304 Not Modified (2ms)


Started GET "/assets/application.css?body=1" for 127.0.0.1 at 2014-01-09 12:46:37 -0500
Served asset /application.css - 304 Not Modified (3ms)


Started GET "/games/new" for 127.0.0.1 at 2014-01-09 12:46:41 -0500
Processing by GamesController#new as HTML
  Rendered games/_form.html.erb (11.3ms)
  Rendered games/new.html.erb within layouts/application (15.8ms)
Completed 200 OK in 20ms (Views: 19.6ms | ActiveRecord: 0.0ms)


Started GET "/assets/application.css?body=1" for 127.0.0.1 at 2014-01-09 12:46:42 -0500
Served asset /application.css - 304 Not Modified (0ms)


Started GET "/assets/application.js?body=1" for 127.0.0.1 at 2014-01-09 12:46:42 -0500
Served asset /application.js - 304 Not Modified (0ms)


Started POST "/games" for 127.0.0.1 at 2014-01-09 12:46:45 -0500
Processing by GamesController#create as HTML
  Parameters: {"utf8"=>"✓", "authenticity_token"=>"bChRksoodXH/fWUjLRhVR1IyFBItAhcwajBsRnZpFFc=", "game"=>{"name"=>"BINGO!"}, "commit"=>"Create Game"}
  [1m[35m (0.1ms)[0m  begin transaction
  [1m[36mSQL (6.0ms)[0m  [1mINSERT INTO "games" ("created_at", "name", "updated_at") VALUES (?, ?, ?)[0m  [["created_at", Thu, 09 Jan 2014 17:46:45 UTC +00:00], ["name", "BINGO!"], ["updated_at", Thu, 09 Jan 2014 17:46:45 UTC +00:00]]
  [1m[35m (0.7ms)[0m  commit transaction
Redirected to http://localhost:3000/games/6
Completed 302 Found in 13ms (ActiveRecord: 6.9ms)


Started GET "/games/6" for 127.0.0.1 at 2014-01-09 12:46:45 -0500
Processing by GamesController#show as HTML
  Parameters: {"id"=>"6"}
  [1m[36mGame Load (0.3ms)[0m  [1mSELECT "games".* FROM "games" WHERE "games"."id" = ? LIMIT 1[0m  [["id", "6"]]
  Rendered games/show.html.erb within layouts/application (1.2ms)
Completed 200 OK in 7ms (Views: 4.9ms | ActiveRecord: 0.3ms)


Started GET "/assets/application.js?body=1" for 127.0.0.1 at 2014-01-09 12:46:45 -0500
Served asset /application.js - 304 Not Modified (0ms)


Started GET "/assets/application.css?body=1" for 127.0.0.1 at 2014-01-09 12:46:45 -0500
Served asset /application.css - 304 Not Modified (0ms)


Started GET "/games" for 127.0.0.1 at 2014-01-09 12:46:47 -0500
Processing by GamesController#index as HTML
  [1m[35mGame Load (0.3ms)[0m  SELECT "games".* FROM "games" 
  Rendered games/index.html.erb within layouts/application (2.1ms)
Completed 200 OK in 9ms (Views: 6.8ms | ActiveRecord: 0.3ms)


Started GET "/assets/application.js?body=1" for 127.0.0.1 at 2014-01-09 12:46:47 -0500
Served asset /application.js - 304 Not Modified (0ms)


Started GET "/assets/application.css?body=1" for 127.0.0.1 at 2014-01-09 12:46:47 -0500
Served asset /application.css - 304 Not Modified (0ms)


Started DELETE "/games/6" for 127.0.0.1 at 2014-01-09 12:46:49 -0500
Processing by GamesController#destroy as HTML
  Parameters: {"authenticity_token"=>"bChRksoodXH/fWUjLRhVR1IyFBItAhcwajBsRnZpFFc=", "id"=>"6"}
  [1m[36mGame Load (0.2ms)[0m  [1mSELECT "games".* FROM "games" WHERE "games"."id" = ? LIMIT 1[0m  [["id", "6"]]
  [1m[35m (0.1ms)[0m  begin transaction
  [1m[36mSQL (0.3ms)[0m  [1mDELETE FROM "games" WHERE "games"."id" = ?[0m  [["id", 6]]
  [1m[35m (0.7ms)[0m  commit transaction
Redirected to http://localhost:3000index
Completed 302 Found in 5ms (ActiveRecord: 1.3ms)


Started DELETE "/games/6" for 127.0.0.1 at 2014-01-09 12:46:49 -0500
Processing by GamesController#destroy as HTML
  Parameters: {"authenticity_token"=>"bChRksoodXH/fWUjLRhVR1IyFBItAhcwajBsRnZpFFc=", "id"=>"6"}
  [1m[36mGame Load (0.1ms)[0m  [1mSELECT "games".* FROM "games" WHERE "games"."id" = ? LIMIT 1[0m  [["id", "6"]]
Completed 500 Internal Server Error in 2ms

ActiveRecord::RecordNotFound (Couldn't find Game with id=6):
  app/controllers/games_controller.rb:25:in `destroy'


  Rendered /Users/keithwilliamsjr/.rvm/gems/ruby-2.0.0-p247@ruby2.0/gems/actionpack-3.2.0/lib/action_dispatch/middleware/templates/rescues/_trace.erb (3.8ms)
  Rendered /Users/keithwilliamsjr/.rvm/gems/ruby-2.0.0-p247@ruby2.0/gems/actionpack-3.2.0/lib/action_dispatch/middleware/templates/rescues/_request_and_response.erb (40.8ms)
  Rendered /Users/keithwilliamsjr/.rvm/gems/ruby-2.0.0-p247@ruby2.0/gems/actionpack-3.2.0/lib/action_dispatch/middleware/templates/rescues/diagnostics.erb within rescues/layout (48.1ms)


Started GET "/games" for 127.0.0.1 at 2014-01-09 12:50:29 -0500
Processing by GamesController#index as HTML
  [1m[35mGame Load (0.2ms)[0m  SELECT "games".* FROM "games" 
  Rendered games/index.html.erb within layouts/application (2.3ms)
Completed 200 OK in 10ms (Views: 5.7ms | ActiveRecord: 0.2ms)


Started GET "/assets/application.css?body=1" for 127.0.0.1 at 2014-01-09 12:50:30 -0500
Served asset /application.css - 304 Not Modified (0ms)


Started GET "/assets/application.js?body=1" for 127.0.0.1 at 2014-01-09 12:50:30 -0500
Served asset /application.js - 304 Not Modified (0ms)


Started GET "/games/new" for 127.0.0.1 at 2014-01-09 12:50:32 -0500
Processing by GamesController#new as HTML
  Rendered games/_form.html.erb (2.8ms)
  Rendered games/new.html.erb within layouts/application (11.4ms)
Completed 200 OK in 16ms (Views: 15.3ms | ActiveRecord: 0.0ms)


Started GET "/assets/application.css?body=1" for 127.0.0.1 at 2014-01-09 12:50:33 -0500
Served asset /application.css - 304 Not Modified (0ms)


Started GET "/assets/application.js?body=1" for 127.0.0.1 at 2014-01-09 12:50:33 -0500
Served asset /application.js - 304 Not Modified (0ms)


Started POST "/games" for 127.0.0.1 at 2014-01-09 12:50:35 -0500
Processing by GamesController#create as HTML
  Parameters: {"utf8"=>"✓", "authenticity_token"=>"bChRksoodXH/fWUjLRhVR1IyFBItAhcwajBsRnZpFFc=", "game"=>{"name"=>"BINGO!"}, "commit"=>"Create Game"}
  [1m[36m (0.1ms)[0m  [1mbegin transaction[0m
  [1m[35mSQL (1.0ms)[0m  INSERT INTO "games" ("created_at", "name", "updated_at") VALUES (?, ?, ?)  [["created_at", Thu, 09 Jan 2014 17:50:35 UTC +00:00], ["name", "BINGO!"], ["updated_at", Thu, 09 Jan 2014 17:50:35 UTC +00:00]]
  [1m[36m (0.8ms)[0m  [1mcommit transaction[0m
Redirected to http://localhost:3000/games/7
Completed 302 Found in 7ms (ActiveRecord: 1.8ms)


Started GET "/games/7" for 127.0.0.1 at 2014-01-09 12:50:35 -0500
Processing by GamesController#show as HTML
  Parameters: {"id"=>"7"}
  [1m[35mGame Load (0.3ms)[0m  SELECT "games".* FROM "games" WHERE "games"."id" = ? LIMIT 1  [["id", "7"]]
  Rendered games/show.html.erb within layouts/application (0.9ms)
Completed 200 OK in 7ms (Views: 4.6ms | ActiveRecord: 0.3ms)


Started GET "/assets/application.css?body=1" for 127.0.0.1 at 2014-01-09 12:50:36 -0500
Served asset /application.css - 304 Not Modified (0ms)


Started GET "/assets/application.js?body=1" for 127.0.0.1 at 2014-01-09 12:50:36 -0500
Served asset /application.js - 304 Not Modified (0ms)


Started GET "/games" for 127.0.0.1 at 2014-01-09 12:50:37 -0500
Processing by GamesController#index as HTML
  [1m[36mGame Load (0.4ms)[0m  [1mSELECT "games".* FROM "games" [0m
  Rendered games/index.html.erb within layouts/application (2.9ms)
Completed 200 OK in 12ms (Views: 8.1ms | ActiveRecord: 0.4ms)


Started GET "/assets/application.css?body=1" for 127.0.0.1 at 2014-01-09 12:50:38 -0500
Served asset /application.css - 304 Not Modified (0ms)


Started GET "/assets/application.js?body=1" for 127.0.0.1 at 2014-01-09 12:50:38 -0500
Served asset /application.js - 304 Not Modified (0ms)


Started DELETE "/games/7" for 127.0.0.1 at 2014-01-09 12:50:40 -0500
Processing by GamesController#destroy as HTML
  Parameters: {"authenticity_token"=>"bChRksoodXH/fWUjLRhVR1IyFBItAhcwajBsRnZpFFc=", "id"=>"7"}
  [1m[35mGame Load (0.2ms)[0m  SELECT "games".* FROM "games" WHERE "games"."id" = ? LIMIT 1  [["id", "7"]]
  [1m[36m (0.1ms)[0m  [1mbegin transaction[0m
  [1m[35mSQL (0.4ms)[0m  DELETE FROM "games" WHERE "games"."id" = ?  [["id", 7]]
  [1m[36m (0.9ms)[0m  [1mcommit transaction[0m
Completed 500 Internal Server Error in 667ms

NameError (undefined local variable or method `games' for #<GamesController:0x007fd48b1035a8>):
  app/controllers/games_controller.rb:27:in `destroy'


  Rendered /Users/keithwilliamsjr/.rvm/gems/ruby-2.0.0-p247@ruby2.0/gems/actionpack-3.2.0/lib/action_dispatch/middleware/templates/rescues/_trace.erb (3.9ms)
  Rendered /Users/keithwilliamsjr/.rvm/gems/ruby-2.0.0-p247@ruby2.0/gems/actionpack-3.2.0/lib/action_dispatch/middleware/templates/rescues/_request_and_response.erb (1.4ms)
  Rendered /Users/keithwilliamsjr/.rvm/gems/ruby-2.0.0-p247@ruby2.0/gems/actionpack-3.2.0/lib/action_dispatch/middleware/templates/rescues/diagnostics.erb within rescues/layout (568.1ms)


Started GET "/games" for 127.0.0.1 at 2014-01-09 12:51:42 -0500
Processing by GamesController#index as HTML
  [1m[35mGame Load (0.2ms)[0m  SELECT "games".* FROM "games" 
  Rendered games/index.html.erb within layouts/application (1.8ms)
Completed 200 OK in 12ms (Views: 6.6ms | ActiveRecord: 0.2ms)


Started GET "/assets/application.css?body=1" for 127.0.0.1 at 2014-01-09 12:51:43 -0500
Served asset /application.css - 304 Not Modified (0ms)


Started GET "/assets/application.js?body=1" for 127.0.0.1 at 2014-01-09 12:51:43 -0500
Served asset /application.js - 304 Not Modified (0ms)


Started GET "/games/new" for 127.0.0.1 at 2014-01-09 12:51:44 -0500
Processing by GamesController#new as HTML
  Rendered games/_form.html.erb (3.6ms)
  Rendered games/new.html.erb within layouts/application (5.6ms)
Completed 200 OK in 19ms (Views: 18.5ms | ActiveRecord: 0.0ms)


Started GET "/assets/application.css?body=1" for 127.0.0.1 at 2014-01-09 12:51:45 -0500
Served asset /application.css - 304 Not Modified (0ms)


Started GET "/assets/application.js?body=1" for 127.0.0.1 at 2014-01-09 12:51:45 -0500
Served asset /application.js - 304 Not Modified (0ms)


Started POST "/games" for 127.0.0.1 at 2014-01-09 12:51:48 -0500
Processing by GamesController#create as HTML
  Parameters: {"utf8"=>"✓", "authenticity_token"=>"bChRksoodXH/fWUjLRhVR1IyFBItAhcwajBsRnZpFFc=", "game"=>{"name"=>"BINGO!"}, "commit"=>"Create Game"}
  [1m[36m (0.1ms)[0m  [1mbegin transaction[0m
  [1m[35mSQL (0.8ms)[0m  INSERT INTO "games" ("created_at", "name", "updated_at") VALUES (?, ?, ?)  [["created_at", Thu, 09 Jan 2014 17:51:48 UTC +00:00], ["name", "BINGO!"], ["updated_at", Thu, 09 Jan 2014 17:51:48 UTC +00:00]]
  [1m[36m (0.9ms)[0m  [1mcommit transaction[0m
Redirected to http://localhost:3000/games/8
Completed 302 Found in 9ms (ActiveRecord: 1.8ms)


Started GET "/games/8" for 127.0.0.1 at 2014-01-09 12:51:48 -0500
Processing by GamesController#show as HTML
  Parameters: {"id"=>"8"}
  [1m[35mGame Load (0.2ms)[0m  SELECT "games".* FROM "games" WHERE "games"."id" = ? LIMIT 1  [["id", "8"]]
  Rendered games/show.html.erb within layouts/application (0.8ms)
Completed 200 OK in 6ms (Views: 4.2ms | ActiveRecord: 0.2ms)


Started GET "/assets/application.css?body=1" for 127.0.0.1 at 2014-01-09 12:51:48 -0500
Served asset /application.css - 304 Not Modified (0ms)


Started GET "/assets/application.js?body=1" for 127.0.0.1 at 2014-01-09 12:51:48 -0500
Served asset /application.js - 304 Not Modified (0ms)


Started GET "/games" for 127.0.0.1 at 2014-01-09 12:51:50 -0500
Processing by GamesController#index as HTML
  [1m[36mGame Load (0.3ms)[0m  [1mSELECT "games".* FROM "games" [0m
  Rendered games/index.html.erb within layouts/application (2.3ms)
Completed 200 OK in 47ms (Views: 42.4ms | ActiveRecord: 0.3ms)


Started GET "/assets/application.js?body=1" for 127.0.0.1 at 2014-01-09 12:51:50 -0500
Served asset /application.js - 304 Not Modified (0ms)


Started GET "/assets/application.css?body=1" for 127.0.0.1 at 2014-01-09 12:51:50 -0500
Served asset /application.css - 304 Not Modified (0ms)


Started DELETE "/games/8" for 127.0.0.1 at 2014-01-09 12:51:52 -0500
Processing by GamesController#destroy as HTML
  Parameters: {"authenticity_token"=>"bChRksoodXH/fWUjLRhVR1IyFBItAhcwajBsRnZpFFc=", "id"=>"8"}
  [1m[35mGame Load (0.2ms)[0m  SELECT "games".* FROM "games" WHERE "games"."id" = ? LIMIT 1  [["id", "8"]]
  [1m[36m (0.1ms)[0m  [1mbegin transaction[0m
  [1m[35mSQL (0.4ms)[0m  DELETE FROM "games" WHERE "games"."id" = ?  [["id", 8]]
  [1m[36m (7.7ms)[0m  [1mcommit transaction[0m
Completed 500 Internal Server Error in 500ms

NameError (undefined local variable or method `games' for #<GamesController:0x007fd4894170e8>):
  app/controllers/games_controller.rb:28:in `block (2 levels) in destroy'
  app/controllers/games_controller.rb:27:in `destroy'


  Rendered /Users/keithwilliamsjr/.rvm/gems/ruby-2.0.0-p247@ruby2.0/gems/actionpack-3.2.0/lib/action_dispatch/middleware/templates/rescues/_trace.erb (3.5ms)
  Rendered /Users/keithwilliamsjr/.rvm/gems/ruby-2.0.0-p247@ruby2.0/gems/actionpack-3.2.0/lib/action_dispatch/middleware/templates/rescues/_request_and_response.erb (2.1ms)
  Rendered /Users/keithwilliamsjr/.rvm/gems/ruby-2.0.0-p247@ruby2.0/gems/actionpack-3.2.0/lib/action_dispatch/middleware/templates/rescues/diagnostics.erb within rescues/layout (483.6ms)


Started DELETE "/games/8" for 127.0.0.1 at 2014-01-09 12:52:43 -0500
Processing by GamesController#destroy as HTML
  Parameters: {"authenticity_token"=>"bChRksoodXH/fWUjLRhVR1IyFBItAhcwajBsRnZpFFc=", "id"=>"8"}
  [1m[35mGame Load (0.2ms)[0m  SELECT "games".* FROM "games" WHERE "games"."id" = ? LIMIT 1  [["id", "8"]]
Completed 500 Internal Server Error in 2ms

ActiveRecord::RecordNotFound (Couldn't find Game with id=8):
  app/controllers/games_controller.rb:25:in `destroy'


  Rendered /Users/keithwilliamsjr/.rvm/gems/ruby-2.0.0-p247@ruby2.0/gems/actionpack-3.2.0/lib/action_dispatch/middleware/templates/rescues/_trace.erb (2.9ms)
  Rendered /Users/keithwilliamsjr/.rvm/gems/ruby-2.0.0-p247@ruby2.0/gems/actionpack-3.2.0/lib/action_dispatch/middleware/templates/rescues/_request_and_response.erb (1.0ms)
  Rendered /Users/keithwilliamsjr/.rvm/gems/ruby-2.0.0-p247@ruby2.0/gems/actionpack-3.2.0/lib/action_dispatch/middleware/templates/rescues/diagnostics.erb within rescues/layout (6.2ms)


Started GET "/games" for 127.0.0.1 at 2014-01-09 12:52:46 -0500
Processing by GamesController#index as HTML
  [1m[36mGame Load (0.2ms)[0m  [1mSELECT "games".* FROM "games" [0m
  Rendered games/index.html.erb within layouts/application (2.0ms)
Completed 200 OK in 14ms (Views: 7.3ms | ActiveRecord: 0.2ms)


Started GET "/assets/application.css?body=1" for 127.0.0.1 at 2014-01-09 12:52:46 -0500
Served asset /application.css - 304 Not Modified (0ms)


Started GET "/assets/application.js?body=1" for 127.0.0.1 at 2014-01-09 12:52:46 -0500
Served asset /application.js - 304 Not Modified (0ms)


Started GET "/games/new" for 127.0.0.1 at 2014-01-09 12:52:48 -0500
Processing by GamesController#new as HTML
  Rendered games/_form.html.erb (3.4ms)
  Rendered games/new.html.erb within layouts/application (5.2ms)
Completed 200 OK in 12ms (Views: 10.9ms | ActiveRecord: 0.0ms)


Started GET "/assets/application.css?body=1" for 127.0.0.1 at 2014-01-09 12:52:48 -0500
Served asset /application.css - 304 Not Modified (0ms)


Started GET "/assets/application.js?body=1" for 127.0.0.1 at 2014-01-09 12:52:48 -0500
Served asset /application.js - 304 Not Modified (0ms)


Started POST "/games" for 127.0.0.1 at 2014-01-09 12:52:52 -0500
Processing by GamesController#create as HTML
  Parameters: {"utf8"=>"✓", "authenticity_token"=>"bChRksoodXH/fWUjLRhVR1IyFBItAhcwajBsRnZpFFc=", "game"=>{"name"=>"BINGO!"}, "commit"=>"Create Game"}
  [1m[35m (0.1ms)[0m  begin transaction
  [1m[36mSQL (0.9ms)[0m  [1mINSERT INTO "games" ("created_at", "name", "updated_at") VALUES (?, ?, ?)[0m  [["created_at", Thu, 09 Jan 2014 17:52:52 UTC +00:00], ["name", "BINGO!"], ["updated_at", Thu, 09 Jan 2014 17:52:52 UTC +00:00]]
  [1m[35m (0.9ms)[0m  commit transaction
Redirected to http://localhost:3000/games/9
Completed 302 Found in 7ms (ActiveRecord: 1.9ms)


Started GET "/games/9" for 127.0.0.1 at 2014-01-09 12:52:52 -0500
Processing by GamesController#show as HTML
  Parameters: {"id"=>"9"}
  [1m[36mGame Load (0.2ms)[0m  [1mSELECT "games".* FROM "games" WHERE "games"."id" = ? LIMIT 1[0m  [["id", "9"]]
  Rendered games/show.html.erb within layouts/application (0.9ms)
Completed 200 OK in 6ms (Views: 4.5ms | ActiveRecord: 0.2ms)


Started GET "/assets/application.js?body=1" for 127.0.0.1 at 2014-01-09 12:52:52 -0500
Served asset /application.js - 304 Not Modified (0ms)


Started GET "/assets/application.css?body=1" for 127.0.0.1 at 2014-01-09 12:52:52 -0500
Served asset /application.css - 304 Not Modified (0ms)


Started GET "/games" for 127.0.0.1 at 2014-01-09 12:52:54 -0500
Processing by GamesController#index as HTML
  [1m[35mGame Load (0.3ms)[0m  SELECT "games".* FROM "games" 
  Rendered games/index.html.erb within layouts/application (3.5ms)
Completed 200 OK in 10ms (Views: 7.9ms | ActiveRecord: 0.3ms)


Started GET "/assets/application.js?body=1" for 127.0.0.1 at 2014-01-09 12:52:54 -0500
Served asset /application.js - 304 Not Modified (0ms)


Started GET "/assets/application.css?body=1" for 127.0.0.1 at 2014-01-09 12:52:54 -0500
Served asset /application.css - 304 Not Modified (0ms)


Started DELETE "/games/9" for 127.0.0.1 at 2014-01-09 12:52:56 -0500
Processing by GamesController#destroy as HTML
  Parameters: {"authenticity_token"=>"bChRksoodXH/fWUjLRhVR1IyFBItAhcwajBsRnZpFFc=", "id"=>"9"}
  [1m[36mGame Load (0.2ms)[0m  [1mSELECT "games".* FROM "games" WHERE "games"."id" = ? LIMIT 1[0m  [["id", "9"]]
  [1m[35mSQL (1.0ms)[0m  DELETE FROM "games" WHERE "games"."id" = 9


Started GET "/games" for 127.0.0.1 at 2014-01-09 14:46:28 -0500
Processing by GamesController#index as HTML
  [1m[36mGame Load (0.2ms)[0m  [1mSELECT "games".* FROM "games" [0m
  Rendered games/index.html.erb within layouts/application (5.3ms)
Completed 200 OK in 62ms (Views: 57.2ms | ActiveRecord: 0.2ms)


Started GET "/assets/application.css?body=1" for 127.0.0.1 at 2014-01-09 14:46:29 -0500
Served asset /application.css - 304 Not Modified (2ms)


Started GET "/assets/application.js?body=1" for 127.0.0.1 at 2014-01-09 14:46:29 -0500
Served asset /application.js - 304 Not Modified (2ms)


Started GET "/games/new" for 127.0.0.1 at 2014-01-09 14:46:32 -0500
Processing by GamesController#new as HTML
  Rendered games/_form.html.erb (15.2ms)
  Rendered games/new.html.erb within layouts/application (20.3ms)
Completed 200 OK in 27ms (Views: 25.4ms | ActiveRecord: 0.0ms)


Started GET "/assets/application.css?body=1" for 127.0.0.1 at 2014-01-09 14:46:32 -0500
Served asset /application.css - 304 Not Modified (0ms)


Started GET "/assets/application.js?body=1" for 127.0.0.1 at 2014-01-09 14:46:32 -0500
Served asset /application.js - 304 Not Modified (0ms)


Started POST "/games" for 127.0.0.1 at 2014-01-09 14:46:35 -0500
Processing by GamesController#create as HTML
  Parameters: {"utf8"=>"✓", "authenticity_token"=>"bChRksoodXH/fWUjLRhVR1IyFBItAhcwajBsRnZpFFc=", "game"=>{"name"=>"BINGO!"}, "commit"=>"Create Game"}
  [1m[35m (0.1ms)[0m  begin transaction
  [1m[36mSQL (7.7ms)[0m  [1mINSERT INTO "games" ("created_at", "name", "updated_at") VALUES (?, ?, ?)[0m  [["created_at", Thu, 09 Jan 2014 19:46:35 UTC +00:00], ["name", "BINGO!"], ["updated_at", Thu, 09 Jan 2014 19:46:35 UTC +00:00]]
  [1m[35m (0.8ms)[0m  commit transaction
Redirected to http://localhost:3000/games/10
Completed 302 Found in 14ms (ActiveRecord: 8.6ms)


Started GET "/games/10" for 127.0.0.1 at 2014-01-09 14:46:35 -0500
Processing by GamesController#show as HTML
  Parameters: {"id"=>"10"}
  [1m[36mGame Load (0.4ms)[0m  [1mSELECT "games".* FROM "games" WHERE "games"."id" = ? LIMIT 1[0m  [["id", "10"]]
  Rendered games/show.html.erb within layouts/application (1.4ms)
Completed 200 OK in 9ms (Views: 5.6ms | ActiveRecord: 0.4ms)


Started GET "/assets/application.css?body=1" for 127.0.0.1 at 2014-01-09 14:46:36 -0500
Served asset /application.css - 304 Not Modified (0ms)


Started GET "/assets/application.js?body=1" for 127.0.0.1 at 2014-01-09 14:46:36 -0500
Served asset /application.js - 304 Not Modified (0ms)


Started GET "/games" for 127.0.0.1 at 2014-01-09 14:46:38 -0500
Processing by GamesController#index as HTML
  [1m[35mGame Load (0.4ms)[0m  SELECT "games".* FROM "games" 
  Rendered games/index.html.erb within layouts/application (2.6ms)
Completed 200 OK in 10ms (Views: 7.0ms | ActiveRecord: 0.4ms)


Started GET "/assets/application.css?body=1" for 127.0.0.1 at 2014-01-09 14:46:38 -0500
Served asset /application.css - 304 Not Modified (0ms)


Started GET "/assets/application.js?body=1" for 127.0.0.1 at 2014-01-09 14:46:38 -0500
Served asset /application.js - 304 Not Modified (0ms)


Started DELETE "/games/10" for 127.0.0.1 at 2014-01-09 14:46:44 -0500
Processing by GamesController#destroy as HTML
  Parameters: {"authenticity_token"=>"bChRksoodXH/fWUjLRhVR1IyFBItAhcwajBsRnZpFFc=", "id"=>"10"}
  [1m[36mGame Load (0.2ms)[0m  [1mSELECT "games".* FROM "games" WHERE "games"."id" = ? LIMIT 1[0m  [["id", "10"]]
  [1m[35mSQL (1.0ms)[0m  DELETE FROM "games" WHERE "games"."id" = 10
Completed 500 Internal Server Error in 39644ms

NameError (undefined local variable or method `games' for #<GamesController:0x007f8ebba53dd0>):
  app/controllers/games_controller.rb:28:in `destroy'


  Rendered /Users/keithwilliamsjr/.rvm/gems/ruby-2.0.0-p247@ruby2.0/gems/actionpack-3.2.0/lib/action_dispatch/middleware/templates/rescues/_trace.erb (4.6ms)
  Rendered /Users/keithwilliamsjr/.rvm/gems/ruby-2.0.0-p247@ruby2.0/gems/actionpack-3.2.0/lib/action_dispatch/middleware/templates/rescues/_request_and_response.erb (2.1ms)
  Rendered /Users/keithwilliamsjr/.rvm/gems/ruby-2.0.0-p247@ruby2.0/gems/actionpack-3.2.0/lib/action_dispatch/middleware/templates/rescues/diagnostics.erb within rescues/layout (400.9ms)


Started DELETE "/games/10" for 127.0.0.1 at 2014-01-09 14:47:25 -0500
Processing by GamesController#destroy as HTML
  Parameters: {"authenticity_token"=>"bChRksoodXH/fWUjLRhVR1IyFBItAhcwajBsRnZpFFc=", "id"=>"10"}
  [1m[36mGame Load (0.1ms)[0m  [1mSELECT "games".* FROM "games" WHERE "games"."id" = ? LIMIT 1[0m  [["id", "10"]]
Completed 500 Internal Server Error in 1ms

ActiveRecord::RecordNotFound (Couldn't find Game with id=10):
  app/controllers/games_controller.rb:25:in `destroy'


  Rendered /Users/keithwilliamsjr/.rvm/gems/ruby-2.0.0-p247@ruby2.0/gems/actionpack-3.2.0/lib/action_dispatch/middleware/templates/rescues/_trace.erb (2.4ms)
  Rendered /Users/keithwilliamsjr/.rvm/gems/ruby-2.0.0-p247@ruby2.0/gems/actionpack-3.2.0/lib/action_dispatch/middleware/templates/rescues/_request_and_response.erb (1.0ms)
  Rendered /Users/keithwilliamsjr/.rvm/gems/ruby-2.0.0-p247@ruby2.0/gems/actionpack-3.2.0/lib/action_dispatch/middleware/templates/rescues/diagnostics.erb within rescues/layout (5.9ms)


Started GET "/games" for 127.0.0.1 at 2014-01-09 14:48:02 -0500
Processing by GamesController#index as HTML
  [1m[35mGame Load (0.5ms)[0m  SELECT "games".* FROM "games" 
  Rendered games/index.html.erb within layouts/application (2.8ms)
Completed 200 OK in 14ms (Views: 7.8ms | ActiveRecord: 0.5ms)


Started GET "/assets/application.css?body=1" for 127.0.0.1 at 2014-01-09 14:48:03 -0500
Served asset /application.css - 304 Not Modified (0ms)


Started GET "/assets/application.js?body=1" for 127.0.0.1 at 2014-01-09 14:48:03 -0500
Served asset /application.js - 304 Not Modified (0ms)


Started GET "/games/new" for 127.0.0.1 at 2014-01-09 14:48:05 -0500
Processing by GamesController#new as HTML
  Rendered games/_form.html.erb (2.9ms)
  Rendered games/new.html.erb within layouts/application (4.6ms)
Completed 200 OK in 10ms (Views: 9.0ms | ActiveRecord: 0.0ms)


Started GET "/assets/application.css?body=1" for 127.0.0.1 at 2014-01-09 14:48:05 -0500
Served asset /application.css - 304 Not Modified (0ms)


Started GET "/assets/application.js?body=1" for 127.0.0.1 at 2014-01-09 14:48:05 -0500
Served asset /application.js - 304 Not Modified (0ms)


Started POST "/games" for 127.0.0.1 at 2014-01-09 14:48:08 -0500
Processing by GamesController#create as HTML
  Parameters: {"utf8"=>"✓", "authenticity_token"=>"bChRksoodXH/fWUjLRhVR1IyFBItAhcwajBsRnZpFFc=", "game"=>{"name"=>"BINGO!"}, "commit"=>"Create Game"}
  [1m[36m (0.2ms)[0m  [1mbegin transaction[0m
  [1m[35mSQL (1.2ms)[0m  INSERT INTO "games" ("created_at", "name", "updated_at") VALUES (?, ?, ?)  [["created_at", Thu, 09 Jan 2014 19:48:08 UTC +00:00], ["name", "BINGO!"], ["updated_at", Thu, 09 Jan 2014 19:48:08 UTC +00:00]]
  [1m[36m (0.7ms)[0m  [1mcommit transaction[0m
Redirected to http://localhost:3000/games/11
Completed 302 Found in 10ms (ActiveRecord: 2.1ms)


Started GET "/games/11" for 127.0.0.1 at 2014-01-09 14:48:08 -0500
Processing by GamesController#show as HTML
  Parameters: {"id"=>"11"}
  [1m[35mGame Load (0.3ms)[0m  SELECT "games".* FROM "games" WHERE "games"."id" = ? LIMIT 1  [["id", "11"]]
  Rendered games/show.html.erb within layouts/application (3.5ms)
Completed 200 OK in 17ms (Views: 10.2ms | ActiveRecord: 0.3ms)


Started GET "/assets/application.css?body=1" for 127.0.0.1 at 2014-01-09 14:48:09 -0500
Served asset /application.css - 304 Not Modified (0ms)


Started GET "/assets/application.js?body=1" for 127.0.0.1 at 2014-01-09 14:48:09 -0500
Served asset /application.js - 304 Not Modified (0ms)


Started GET "/games" for 127.0.0.1 at 2014-01-09 14:48:11 -0500
Processing by GamesController#index as HTML
  [1m[36mGame Load (0.2ms)[0m  [1mSELECT "games".* FROM "games" [0m
  Rendered games/index.html.erb within layouts/application (4.4ms)
Completed 200 OK in 12ms (Views: 9.8ms | ActiveRecord: 0.2ms)


Started GET "/assets/application.css?body=1" for 127.0.0.1 at 2014-01-09 14:48:11 -0500
Served asset /application.css - 304 Not Modified (0ms)


Started GET "/assets/application.js?body=1" for 127.0.0.1 at 2014-01-09 14:48:11 -0500
Served asset /application.js - 304 Not Modified (0ms)


Started DELETE "/games/11" for 127.0.0.1 at 2014-01-09 14:48:13 -0500
Processing by GamesController#destroy as HTML
  Parameters: {"authenticity_token"=>"bChRksoodXH/fWUjLRhVR1IyFBItAhcwajBsRnZpFFc=", "id"=>"11"}
  [1m[35mGame Load (0.2ms)[0m  SELECT "games".* FROM "games" WHERE "games"."id" = ? LIMIT 1  [["id", "11"]]
  [1m[36mSQL (1.3ms)[0m  [1mDELETE FROM "games" WHERE "games"."id" = 11[0m
Redirected to http://localhost:3000/games
Completed 302 Found in 7ms (ActiveRecord: 1.5ms)


Started GET "/games" for 127.0.0.1 at 2014-01-09 14:48:13 -0500
Processing by GamesController#index as HTML
  [1m[35mGame Load (0.3ms)[0m  SELECT "games".* FROM "games" 
  Rendered games/index.html.erb within layouts/application (2.7ms)
Completed 200 OK in 9ms (Views: 6.6ms | ActiveRecord: 0.3ms)


Started GET "/assets/application.js?body=1" for 127.0.0.1 at 2014-01-09 14:48:13 -0500
Served asset /application.js - 304 Not Modified (0ms)


Started GET "/assets/application.css?body=1" for 127.0.0.1 at 2014-01-09 14:48:13 -0500
Served asset /application.css - 304 Not Modified (0ms)
